Determining if the pthread_create exist failed with the following output:
Change Dir: /home/yexingkong/.vim/bundle/YouCompleteMe/CMakeFiles/CMakeTmp

Run Build Command:/usr/bin/make "cmTryCompileExec721177748/fast"
/usr/bin/make -f CMakeFiles/cmTryCompileExec721177748.dir/build.make CMakeFiles/cmTryCompileExec721177748.dir/build
make[1]: 正在进入目录 `/home/yexingkong/.vim/bundle/YouCompleteMe/CMakeFiles/CMakeTmp'
/usr/bin/cmake -E cmake_progress_report /home/yexingkong/.vim/bundle/YouCompleteMe/CMakeFiles/CMakeTmp/CMakeFiles 1
Building C object CMakeFiles/cmTryCompileExec721177748.dir/CheckSymbolExists.c.o
/usr/bin/cc    -o CMakeFiles/cmTryCompileExec721177748.dir/CheckSymbolExists.c.o   -c /home/yexingkong/.vim/bundle/YouCompleteMe/CMakeFiles/CMakeTmp/CheckSymbolExists.c
Linking C executable cmTryCompileExec721177748
/usr/bin/cmake -E cmake_link_script CMakeFiles/cmTryCompileExec721177748.dir/link.txt --verbose=1
/usr/bin/cc         CMakeFiles/cmTryCompileExec721177748.dir/CheckSymbolExists.c.o  -o cmTryCompileExec721177748 -rdynamic 
CMakeFiles/cmTryCompileExec721177748.dir/CheckSymbolExists.c.o：在函数‘main’中：
CheckSymbolExists.c:(.text+0x16)：对‘pthread_create’未定义的引用
collect2: error: ld returned 1 exit status
make[1]: *** [cmTryCompileExec721177748] 错误 1
make[1]:正在离开目录 `/home/yexingkong/.vim/bundle/YouCompleteMe/CMakeFiles/CMakeTmp'
make: *** [cmTryCompileExec721177748/fast] 错误 2

File /home/yexingkong/.vim/bundle/YouCompleteMe/CMakeFiles/CMakeTmp/CheckSymbolExists.c:
/* */
#include <pthread.h>

int main(int argc, char** argv)
{
  (void)argv;
#ifndef pthread_create
  return ((int*)(&pthread_create))[argc];
#else
  (void)argc;
  return 0;
#endif
}

Determining if the function pthread_create exists in the pthreads failed with the following output:
Change Dir: /home/yexingkong/.vim/bundle/YouCompleteMe/CMakeFiles/CMakeTmp

Run Build Command:/usr/bin/make "cmTryCompileExec772476800/fast"
/usr/bin/make -f CMakeFiles/cmTryCompileExec772476800.dir/build.make CMakeFiles/cmTryCompileExec772476800.dir/build
make[1]: 正在进入目录 `/home/yexingkong/.vim/bundle/YouCompleteMe/CMakeFiles/CMakeTmp'
/usr/bin/cmake -E cmake_progress_report /home/yexingkong/.vim/bundle/YouCompleteMe/CMakeFiles/CMakeTmp/CMakeFiles 1
Building C object CMakeFiles/cmTryCompileExec772476800.dir/CheckFunctionExists.c.o
/usr/bin/cc   -DCHECK_FUNCTION_EXISTS=pthread_create   -o CMakeFiles/cmTryCompileExec772476800.dir/CheckFunctionExists.c.o   -c /usr/share/cmake-2.8/Modules/CheckFunctionExists.c
Linking C executable cmTryCompileExec772476800
/usr/bin/cmake -E cmake_link_script CMakeFiles/cmTryCompileExec772476800.dir/link.txt --verbose=1
/usr/bin/cc     -DCHECK_FUNCTION_EXISTS=pthread_create    CMakeFiles/cmTryCompileExec772476800.dir/CheckFunctionExists.c.o  -o cmTryCompileExec772476800 -rdynamic -lpthreads 
/usr/bin/ld: cannot find -lpthreads
collect2: error: ld returned 1 exit status
make[1]: *** [cmTryCompileExec772476800] 错误 1
make[1]:正在离开目录 `/home/yexingkong/.vim/bundle/YouCompleteMe/CMakeFiles/CMakeTmp'
make: *** [cmTryCompileExec772476800/fast] 错误 2


